Unity Player [version: Unity 5.6.0f3_497a0f351392]

Unknown caused an Access Violation (0xc0000005)
  in module Unknown at 0023:00800000.

Error occurred at 2017-05-04_141952.
C:\Users\admin\Desktop\UnityProject\VRPortal\VRPortal.exe, run by admin.
47% memory in use.
0 MB physical memory [0 MB free].
0 MB paging file [0 MB free].
0 MB user address space [3663 MB free].
Write to location 00800000 caused an access violation.

Context:
EDI:    0x14757334  ESI: 0x044b3a08  EAX:   0x044a37e8
EBX:    0x00000006  ECX: 0x14757334  EDX:   0x00800000
EIP:    0x00800000  EBP: 0x007e5d98  SegCs: 0x00000023
EFlags: 0x00210246  ESP: 0x007e5d68  SegSs: 0x0000002b

Bytes at CS:EIP:
00 20 80 00 00 00 00 00 20 fd 6d 11 00 00 00 00 

Stack:
0x007e5d68: 00f35de0 044a37e8 007e5d80 00000000 .]...7J..]~.....
0x007e5d78: 044b3a30 044b39f0 14757334 00000000 0:K..9K.4su.....
0x007e5d88: 00000006 044b3a18 00000001 00000009 .....:K.........
0x007e5d98: 007e5df8 00f3c905 00000006 00000000 .]~.............
0x007e5da8: 044b39f0 00000005 00f35ce0 0110b990 .9K......\......
0x007e5db8: 00f35ce0 01450ea0 00f35ce0 010e1c50 .\....E..\..P...
0x007e5dc8: 010b8810 012430b0 00f35ce0 00f35ce0 .....0$..\...\..
0x007e5dd8: 00f35ce0 00f35ce0 00f35ce0 00f35ce0 .\...\...\...\..
0x007e5de8: 00f35ce0 00f35ce0 00000001 00000001 .\...\..........
0x007e5df8: 007e5e10 00f46560 044b39f0 00000000 .^~.`e...9K.....
0x007e5e08: 00000005 007edf50 007e5e34 00f465ec ....P.~.4^~..e..
0x007e5e18: 044b39f0 044a37e8 007ee250 007edf70 .9K..7J.P.~.p.~.
0x007e5e28: 044a1cb0 00000003 00000000 007edf28 ..J.........(.~.
0x007e5e38: 00f0c77e 007edf50 00000003 044a37e8 ~...P.~......7J.
0x007e5e48: 13bb2460 00f1d17c 04624d00 0586b700 `$..|....Mb.....
0x007e5e58: 13bb2460 00000000 00000000 00000000 `$..............
0x007e5e68: 00000000 00000000 00000000 00000000 ................
0x007e5e78: 00000000 00000000 00000000 00000000 ................
0x007e5e88: 00000000 00000000 00000000 00000000 ................
0x007e5e98: 00000000 00000000 00000000 00000000 ................
0x007e5ea8: 00000000 00000000 00000000 00000000 ................
0x007e5eb8: 00000000 00000000 00000000 00000000 ................
0x007e5ec8: 00000000 00000000 00000000 00000000 ................
0x007e5ed8: 00000000 00000000 00000000 00000000 ................
0x007e5ee8: 00000000 00000000 00000000 00000000 ................
0x007e5ef8: 00000000 00000000 00000000 00000000 ................
0x007e5f08: 00000000 00000000 00000000 00000000 ................
0x007e5f18: 00000000 00000000 00000000 00000000 ................
0x007e5f28: 00000000 00000000 00000000 00000000 ................
0x007e5f38: 00000000 00000000 00000000 00000000 ................
0x007e5f48: 00000000 00000000 00000000 00000000 ................
0x007e5f58: 00000000 00000000 00000000 00000000 ................
0x007e5f68: 00000000 00000000 00000000 00000000 ................
0x007e5f78: 00000000 00000000 00000000 00000000 ................
0x007e5f88: 00000000 00000000 00000000 00000000 ................
0x007e5f98: 00000000 00000000 00000000 00000000 ................
0x007e5fa8: 00000000 00000000 00000000 00000000 ................
0x007e5fb8: 00000000 00000000 00000000 00000000 ................
0x007e5fc8: 00000000 00000000 00000000 00000000 ................
0x007e5fd8: 00000000 00000000 00000000 00000000 ................
0x007e5fe8: 00000000 00000000 00000000 00000000 ................
0x007e5ff8: 00000000 00000000 00000000 00000000 ................
0x007e6008: 00000000 00000000 00000000 00000000 ................
0x007e6018: 00000000 00000000 00000000 00000000 ................
0x007e6028: 00000000 00000000 00000000 00000000 ................
0x007e6038: 00000000 00000000 00000000 00000000 ................
0x007e6048: 00000000 00000000 00000000 00000000 ................
0x007e6058: 00000000 00000000 00000000 00000000 ................
0x007e6068: 00000000 00000000 00000000 00000000 ................
0x007e6078: 00000000 00000000 00000000 00000000 ................
0x007e6088: 00000000 00000000 00000000 00000000 ................
0x007e6098: 00000000 00000000 00000000 00000000 ................
0x007e60a8: 00000000 00000000 00000000 00000000 ................
0x007e60b8: 00000000 00000000 00000000 00000000 ................
0x007e60c8: 00000000 00000000 00000000 00000000 ................
0x007e60d8: 00000000 00000000 00000000 00000000 ................
0x007e60e8: 00000000 00000000 00000000 00000000 ................
0x007e60f8: 00000000 00000000 00000000 00000000 ................
0x007e6108: 00000000 00000000 00000000 00000000 ................
0x007e6118: 00000000 00000000 00000000 00000000 ................
0x007e6128: 00000000 00000000 00000000 00000000 ................
0x007e6138: 00000000 00000000 00000000 00000000 ................
0x007e6148: 00000000 00000000 00000000 00000000 ................
0x007e6158: 00000000 00000000 00000000 00000000 ................
0x007e6168: 00000000 00000000 00000000 00000000 ................
0x007e6178: 00000000 00000000 00000000 00000000 ................
0x007e6188: 00000000 00000000 00000000 00000000 ................
0x007e6198: 00000000 00000000 00000000 00000000 ................
0x007e61a8: 00000000 00000000 00000000 00000000 ................
0x007e61b8: 00000000 00000000 00000000 00000000 ................
0x007e61c8: 00000000 00000000 00000000 00000000 ................
0x007e61d8: 00000000 00000000 00000000 00000000 ................
0x007e61e8: 00000000 00000000 00000000 00000000 ................
0x007e61f8: 00000000 00000000 00000000 00000000 ................
0x007e6208: 00000000 00000000 00000000 00000000 ................
0x007e6218: 00000000 00000000 00000000 00000000 ................
0x007e6228: 00000000 00000000 00000000 00000000 ................
0x007e6238: 00000000 00000000 00000000 00000000 ................
0x007e6248: 00000000 00000000 00000000 00000000 ................
0x007e6258: 00000000 00000000 00000000 00000000 ................
0x007e6268: 00000000 00000000 00000000 00000000 ................
0x007e6278: 00000000 00000000 00000000 00000000 ................
0x007e6288: 00000000 00000000 00000000 00000000 ................
0x007e6298: 00000000 00000000 00000000 00000000 ................
0x007e62a8: 00000000 00000000 00000000 00000000 ................
0x007e62b8: 00000000 00000000 00000000 00000000 ................
0x007e62c8: 00000000 00000000 00000000 00000000 ................
0x007e62d8: 00000000 00000000 00000000 00000000 ................
0x007e62e8: 00000000 00000000 00000000 00000000 ................
0x007e62f8: 00000000 00000000 00000000 00000000 ................
0x007e6308: 00000000 00000000 00000000 00000000 ................
0x007e6318: 00000000 00000000 00000000 00000000 ................
0x007e6328: 00000000 00000000 00000000 00000000 ................
0x007e6338: 00000000 00000000 00000000 00000000 ................
0x007e6348: 00000000 00000000 00000000 00000000 ................
0x007e6358: 00000000 00000000 00000000 00000000 ................
0x007e6368: 00000000 00000000 00000000 00000000 ................
0x007e6378: 00000000 00000000 00000000 00000000 ................
0x007e6388: 00000000 00000000 00000000 00000000 ................
0x007e6398: 00000000 00000000 00000000 00000000 ................
0x007e63a8: 00000000 00000000 00000000 00000000 ................
0x007e63b8: 00000000 00000000 00000000 00000000 ................
0x007e63c8: 00000000 00000000 00000000 00000000 ................
0x007e63d8: 00000000 00000000 00000000 00000000 ................
0x007e63e8: 00000000 00000000 00000000 00000000 ................
0x007e63f8: 00000000 00000000 00000000 00000000 ................
0x007e6408: 00000000 00000000 00000000 00000000 ................
0x007e6418: 00000000 00000000 00000000 00000000 ................
0x007e6428: 00000000 00000000 00000000 00000000 ................
0x007e6438: 00000000 00000000 00000000 00000000 ................
0x007e6448: 00000000 00000000 00000000 00000000 ................
0x007e6458: 00000000 00000000 00000000 00000000 ................
0x007e6468: 00000000 00000000 00000000 00000000 ................
0x007e6478: 00000000 00000000 00000000 00000000 ................
0x007e6488: 00000000 00000000 00000000 00000000 ................
0x007e6498: 00000000 00000000 00000000 00000000 ................
0x007e64a8: 00000000 00000000 00000000 00000000 ................
0x007e64b8: 00000000 00000000 00000000 00000000 ................
0x007e64c8: 00000000 00000000 00000000 00000000 ................
0x007e64d8: 00000000 00000000 00000000 00000000 ................
0x007e64e8: 00000000 00000000 00000000 00000000 ................
0x007e64f8: 00000000 00000000 00000000 00000000 ................
0x007e6508: 00000000 00000000 00000000 00000000 ................
0x007e6518: 00000000 00000000 00000000 00000000 ................
0x007e6528: 00000000 00000000 00000000 00000000 ................
0x007e6538: 00000000 00000000 00000000 00000000 ................
0x007e6548: 00000000 00000000 00000000 00000000 ................
0x007e6558: 00000000 00000000 00000000 00000000 ................
0x007e6568: 00000000 00000000 00000000 00000000 ................
0x007e6578: 00000000 00000000 00000000 00000000 ................
0x007e6588: 00000000 00000000 00000000 00000000 ................
0x007e6598: 00000000 00000000 00000000 00000000 ................
0x007e65a8: 00000000 00000000 00000000 00000000 ................
0x007e65b8: 00000000 00000000 00000000 00000000 ................
0x007e65c8: 00000000 00000000 00000000 00000000 ................
0x007e65d8: 00000000 00000000 00000000 00000000 ................
0x007e65e8: 00000000 00000000 00000000 00000000 ................
0x007e65f8: 00000000 00000000 00000000 00000000 ................
0x007e6608: 00000000 00000000 00000000 00000000 ................
0x007e6618: 00000000 00000000 00000000 00000000 ................
0x007e6628: 00000000 00000000 00000000 00000000 ................
0x007e6638: 00000000 00000000 00000000 00000000 ................
0x007e6648: 00000000 00000000 00000000 00000000 ................
0x007e6658: 00000000 00000000 00000000 00000000 ................
0x007e6668: 00000000 00000000 00000000 00000000 ................
0x007e6678: 00000000 00000000 00000000 00000000 ................
0x007e6688: 00000000 00000000 00000000 00000000 ................
0x007e6698: 00000000 00000000 00000000 00000000 ................
0x007e66a8: 00000000 00000000 00000000 00000000 ................
0x007e66b8: 00000000 00000000 00000000 00000000 ................
0x007e66c8: 00000000 00000000 00000000 00000000 ................
0x007e66d8: 00000000 00000000 00000000 00000000 ................
0x007e66e8: 00000000 00000000 00000000 00000000 ................
0x007e66f8: 00000000 00000000 00000000 00000000 ................
0x007e6708: 00000000 00000000 00000000 00000000 ................
0x007e6718: 00000000 00000000 00000000 00000000 ................
0x007e6728: 00000000 00000000 00000000 04e1db04 ................
0x007e6738: 00000000 00000000 00000000 00000000 ................
0x007e6748: 00000000 00000000 00000000 00000000 ................
0x007e6758: 00000000 00000000 00000000 00000000 ................
0x007e6768: 00000000 00000000 00000000 00000000 ................
0x007e6778: 00000000 00000000 00000000 00000000 ................
0x007e6788: 00000018 022a18e0 00000018 0404da30 ......*.....0...
0x007e6798: 00006a14 022a18e0 007e67b8 00e48b3d .j....*..g~.=...
0x007e67a8: 00000018 01dfd540 00000018 01dfd410 ....@...........
0x007e67b8: 007e67d0 00e49105 0404da30 00000010 .g~.....0.......
0x007e67c8: 00000010 01dfc060 007e6808 01452b2e ....`....h~..+E.
0x007e67d8: 00000018 00000010 00000018 00000004 ................
0x007e67e8: 00000000 00000000 00000000 00000000 ................
0x007e67f8: 00000000 00000000 00000000 00000000 ................
0x007e6808: 007e6854 01452c04 00000018 00000004 Th~..,E.........
0x007e6818: 00000044 00000000 01ba77a8 000001cf D........w......
0x007e6828: 00000001 04c77fb0 00000001 00000000 ................
0x007e6838: 00000000 00000000 00000000 00000000 ................
0x007e6848: 00000000 00000000 01dfc060 007e6878 ........`...xh~.
0x007e6858: 01453006 00000000 00000018 00000004 .0E.............
0x007e6868: 00000044 00000000 01ba77a8 000001cf D........w......
0x007e6878: 007e68a4 00e4d169 00000000 00000018 .h~.i...........
0x007e6888: 00000004 00000044 00000000 01ba77a8 ....D........w..
0x007e6898: 000001cf 00000000 04c77fb0 007e68c4 .............h~.
0x007e68a8: 0145723c 00000001 00000001 04c77f90 <rE.............
0x007e68b8: 00000002 00000000 03fee410 007e6974 ............ti~.
0x007e68c8: 00000000 007e691c 00ff6165 007e68fc .....i~.ea...h~.
0x007e68d8: 04639ffc 044094e4 00000006 00000002 ..c...@.........
0x007e68e8: 04673840 007e69e4 00000000 00000024 @8g..i~.....$...
0x007e68f8: 00000000 03fe61d0 00000000 00000001 .....a..........
0x007e6908: 00000000 03fe61d0 00000000 00000001 .....a..........
0x007e6918: 007e69e4 007e6958 00ff66be 00000000 .i~.Xi~..f......
0x007e6928: 00000000 007e6938 007e69e4 04673820 ....8i~..i~. 8g.
0x007e6938: 00000000 00000000 00000039 007e69e4 ........9....i~.
0x007e6948: 04673860 00000010 00000001 00000000 `8g.............
0x007e6958: 007e6988 00ff81b3 04673860 007e6974 .i~.....`8g.ti~.
0x007e6968: 00000002 fffffff0 007e6984 015b2a81 .........i~..*[.
0x007e6978: 068c4bdc 068c4b94 00000034 022a19a0 .K...K..4.....*.
0x007e6988: 00000034 04048590 000005e5 022a19a0 4.............*.
0x007e6998: 007e69b0 00e48b3d 00000034 01dfd6a0 .i~.=...4.......
0x007e69a8: 00000034 01dfd410 007e69c8 00e49105 4........i~.....
0x007e69b8: 04048590 00000010 00000010 01dfc060 ............`...
0x007e69c8: 007e6a00 01452b2e 00000034 00000010 .j~..+E.4.......
0x007e69d8: 03fe2ce4 068c4bb0 00000000 00000010 .,...K..........
0x007e69e8: 00000030 00000010 022a1880 00000010 0.........*.....
0x007e69f8: 04043c90 00001969 022a1880 007e6a1c .<..i.....*..j~.
0x007e6a08: 00e48b3d 00000010 01dfd540 00000010 =.......@.......
0x007e6a18: 01dfd410 007e6a34 00e49105 04043c90 ....4j~......<..
0x007e6a28: 00000010 00000010 01dfc060 007e6a6c ........`...lj~.
0x007e6a38: 01452b2e 00000010 00000010 00000001 .+E.............
0x007e6a48: 007e6a78 011181ef 03ff7374 04043c90 xj~.....ts...<..
0x007e6a58: 007e6b24 04043c90 00000001 00000001 $k~..<..........
0x007e6a68: 03ff7368 00000001 007e6a64 007e6adc hs......dj~..j~.
0x007e6a78: 01b85bc0 ffffffff 007e6aa0 01119e3e .[.......j~.>...
0x007e6a88: 00000000 00000000 04043ca0 03ff7374 .........<..ts..
0x007e6a98: 04c770fc 0404da10 007e6ad4 0105547e .p.......j~.~T..
0x007e6aa8: 0701a1ec 04c770fc 00000040 0404da10 .....p..@.......
0x007e6ab8: 0701a1ec 06809cc0 00000000 00000000 ................
0x007e6ac8: 00000000 00000000 00000001 007e6b10 .............k~.
0x007e6ad8: 0105794c 0701a1ec 00000040 04c7692c Ly......@...,i..
0x007e6ae8: 0448d0b4 03ff7378 0000000d 0000000d ..H.xs..........
0x007e6af8: 00000000 007e6b48 0112016a 04043c90 ....Hk~.j....<..
0x007e6b08: 04043ca0 007e6b34 00000000 00000000 .<..4k~.........
0x007e6b18: 04484508 0000000d 007e6bdc 0000000d .EH......k~.....
0x007e6b28: 007e6bdc 04484508 03fe3f90 0000000d .k~..EH..?......
0x007e6b38: 00000000 00000001 03ff7364 03ff733c ........ds..<s..
0x007e6b48: 007e6b78 010fc868 00000000 00000400 xk~.h...........
0x007e6b58: 00000010 01dfc060 007e6c20 014529d4 ....`... l~..)E.
0x007e6b68: 00000400 00000010 00000400 00000004 ................
0x007e6b78: 00000000 007e6bac 00f5e102 00000003 .....k~.........
0x007e6b88: 0449fa30 0448e888 007e70a4 00f5e102 0.I...H..p~.....
0x007e6b98: 007e6be4 007e6c54 00f653d4 00000021 .k~.Tl~..S..!...
0x007e6ba8: 00000003 00000000 007e6c5c 0449fa30 ........\l~.0.I.
0x007e6bb8: 0448e888 0449f7c0 00000021 3f800000 ..H...I.!......?
0x007e6bc8: 00000000 00000000 00000000 7f800000 ................
0x007e6bd8: 7f800000 7f800000 3f800000 00000000 ...........?....
0x007e6be8: 00000000 00000000 00000000 3f800000 ...............?
0x007e6bf8: 00000000 00000000 00000000 00000000 ................
0x007e6c08: 3f800000 00000000 00000000 00000000 ...?............
0x007e6c18: 007e6c30 00e479b9 044f0040 0448e888 0l~..y..@.O...H.
0x007e6c28: 044f0040 01dfc060 007e6c44 014520b7 @.O.`...Dl~.. E.
0x007e6c38: 044f0040 0449fa30 00000000 007e6c54 @.O.0.I.....Tl~.
0x007e6c48: 00000000 0449fa30 007e6c60 01452552 ....0.I.`l~.R%E.
0x007e6c58: 00000000 00000001 007e714c 00f6c78c ........Lq~.....
0x007e6c68: 00000000 00000001 00000000 00000000 ................
0x007e6c78: 00000000 7f800000 7f800000 7f800000 ................
0x007e6c88: 0000001d 3f800000 3f800000 00000000 .......?...?....
0x007e6c98: 00000000 00000000 00000000 00000000 ................
0x007e6ca8: 00000000 00000000 00000000 00000000 ................
0x007e6cb8: 7f800000 7f800000 7f800000 0000001d ................
0x007e6cc8: 3f800000 3f800000 00000000 00000000 ...?...?........
0x007e6cd8: 00000000 00000000 00000000 00000000 ................
0x007e6ce8: 00000000 00000000 00000000 00000000 ................
0x007e6cf8: 00000000 00000000 00000000 00000000 ................
0x007e6d08: 00000000 00000000 00000000 00000000 ................
0x007e6d18: 00000000 00000000 00000000 00000000 ................
0x007e6d28: 00000000 00000000 00000000 00000000 ................
0x007e6d38: 00000000 00000000 00000000 00000000 ................
0x007e6d48: 00000000 00000000 00000000 00000000 ................
0x007e6d58: 00000000 00000000 00000000 00000000 ................
0x007e6d68: 007e715b 007e6f4c 00000000 00000000 [q~.Lo~.........
0x007e6d78: 00000000 00000000 00000000 00000000 ................
0x007e6d88: 00000000 00000000 00000000 00000000 ................
0x007e6d98: 00000000 00000000 00000000 00000000 ................
0x007e6da8: 00000000 00000000 00000000 00000000 ................
0x007e6db8: 00000000 00000000 00000000 00000000 ................
0x007e6dc8: 00000000 00000000 00000000 00000000 ................
0x007e6dd8: 00000000 00000000 00000000 00000000 ................
0x007e6de8: 00000000 00000000 00000000 00000000 ................
0x007e6df8: 00000000 00000000 00000000 00000000 ................
0x007e6e08: 00000000 00000000 00000000 00000000 ................
0x007e6e18: 00000000 00000000 00000000 00000000 ................
0x007e6e28: 00000000 00000000 00000000 00000000 ................
0x007e6e38: 00000000 00000000 00000000 00000000 ................
0x007e6e48: 00000000 00000000 00000000 00000000 ................
0x007e6e58: 00000000 00000000 00000000 00000000 ................
0x007e6e68: 00000000 00000000 00000000 00000000 ................
0x007e6e78: 00000000 00000000 00000000 00000000 ................
0x007e6e88: 00000000 00000000 00000000 00000000 ................
0x007e6e98: 00000000 00000000 00000000 00000000 ................
0x007e6ea8: 00000000 00000000 00000000 00000000 ................
0x007e6eb8: 00000000 00000000 00000000 007e6f4c ............Lo~.
0x007e6ec8: 007e715b 00000021 3f800000 00000000 [q~.!......?....
0x007e6ed8: 00000000 00000000 7f800000 7f800000 ................
0x007e6ee8: 7f800000 3f800000 00000000 00000000 .......?........
0x007e6ef8: 00000000 00000000 3f800000 00000000 ...........?....
0x007e6f08: 00000000 00000000 00000000 3f800000 ...............?
0x007e6f18: 00000000 00000000 00000000 00000000 ................
0x007e6f28: 3f800000 00000001 007e6f4c 04c7692c ...?....Lo~.,i..
0x007e6f38: 00000000 00000000 00000000 00000400 ................
0x007e6f48: 00000300 04c7692c 04c76920 01bbe788 ....,i.. i......
0x007e6f58: 00000001 00000000 00000000 00000000 ................
0x007e6f68: 00000000 00000000 00000000 00000000 ................
0x007e6f78: 00000001 00000000 00000000 00000000 ................
0x007e6f88: 00000001 00000000 00000000 00000000 ................
0x007e6f98: 00000001 00000000 00000000 00000000 ................
0x007e6fa8: 00000000 00000001 00000001 00000000 ................
0x007e6fb8: 00000001 00000000 00000000 00000000 ................
0x007e6fc8: 00000001 00000000 00000080 00000101 ................
0x007e6fd8: 007e715b 0448e888 00000000 00000000 [q~...H.........
0x007e6fe8: 00000000 00000000 ffffffff 00000000 ................
0x007e6ff8: 00000000 00000000 00000000 00000000 ................
0x007e7008: 00000000 00000000 00000000 00000000 ................
0x007e7018: 00000000 00000000 00000000 00000000 ................
0x007e7028: 00000000 00000000 00000000 00000000 ................
0x007e7038: 00000000 00000000 00000000 00000010 ................
0x007e7048: 05450001 007e6f4c 007e715b 00000000 ..E.Lo~.[q~.....
0x007e7058: 01dfc070 11acd801 007e6f60 007e716f p.......`o~.oq~.
0x007e7068: 00000000 01dfc060 3f800000 3f800000 ....`......?...?
0x007e7078: 3f800000 00000000 00000000 3f800000 ...?...........?
0x007e7088: 3f800000 00000000 00000000 00000000 ...?............
0x007e7098: 3f800000 3f800000 3f800000 3f800000 ...?...?...?...?
0x007e70a8: 3f800000 3f800000 40002bf8 80000000 ...?...?.+.@....
0x007e70b8: 00000000 00000000 00000000 bfddb3d7 ................
0x007e70c8: 00000000 00000000 00000000 00000000 ................
0x007e70d8: 00000000 00000000 007e71e0 00dc44ad .........q~..D..
0x007e70e8: 007e71ec 00dc44ad 007e71a0 007e71c0 .q~..D...q~..q~.
0x007e70f8: 007e71d0 007e7150 007e7190 007e7130 .q~.Pq~..q~.0q~.
0x007e7108: 007e71b0 007e7170 007e7180 007e7160 .q~.pq~..q~.`q~.
0x007e7118: 007e7140 007e7120 00000000 80000000 @q~. q~.........
0x007e7128: 3e99a567 00000000 00000000 3f800000 g..>...........?
0x007e7138: 00000000 00000000 00000000 00000000 ................
0x007e7148: b99d5800 3f800000 00000000 80000000 .X.....?........
0x007e7158: 3e99a567 00000000 00000000 bfddb3d7 g..>............
0x007e7168: 00000000 00000000 00000000 00000000 ................
0x007e7178: 00000000 3f800000 40002bf8 80000000 .......?.+.@....
0x007e7188: 00000000 00000000 3f800000 00000000 ...........?....
0x007e7198: 00000000 00000000 40002bf8 80000000 .........+.@....
0x007e71a8: 00000000 00000000 00000000 00000000 ................
0x007e71b8: bf800000 00000000 00000000 bfddb3d7 ................
0x007e71c8: 00000000 00000000 00000000 80000000 ................
0x007e71d8: 399d5800 bf800000 007e720c 00ff2f46 .X.9.....r~.F/..
0x007e71e8: 00000000 04c76920 00ff2f46 04e1dae0 .... i..F/......
0x007e71f8: 04c7707c 04c770fc 00000010 0449f0dc |p...p........I.
0x007e7208: 04c76920 0449f7c0 0449f7c0 007056a4  i....I...I..Vp.
0x007e7218: 007056a8 007e7264 00f6169a 0449f7c0 .Vp.dr~.......I.
0x007e7228: 00000011 00f6ce76 00000000 0449f7c0 ....v.........I.
0x007e7238: 00000000 3f800000 3f800000 00000000 .......?...?....
0x007e7248: 00000000 3f800000 3f800000 00000000 .......?...?....
0x007e7258: 00000000 00000002 04624d00 007e73c8 .........Mb..s~.
0x007e7268: 00f70fe0 007e7370 3f800000 3f800000 ....ps~....?...?
0x007e7278: 3f800000 3f800000 40002bf8 80000000 ...?...?.+.@....
0x007e7288: 00000000 00000000 00000000 bfddb3d7 ................
0x007e7298: 00000000 00000000 00000000 00000000 ................
0x007e72a8: 00000000 00000000 007e73b0 00dc44ad .........s~..D..
0x007e72b8: 007e72fc 0586639c 03c50de0 007e7390 .r~..c.......s~.
0x007e72c8: 007e73a0 007e72e4 10001e3d 11950350 .s~..r~.=...P...
0x007e72d8: 11950350 11950350 00000000 00000000 P...P...........
0x007e72e8: 04c76920 00f13e9f 04624d00 04e1dae0  i...>...Mb.....
0x007e72f8: 00000004 007e732c 100f17e6 00000000 ....,s~.........
0x007e7308: 007e7410 007e74a4 0586b4f0 00010000 .t~..t~.........
0x007e7318: 00000004 11950350 00000000 03c34e70 ....P.......pN..
0x007e7328: 3e99a567 007e7350 1005d865 11950350 g..>Ps~.e...P...
0x007e7338: 00000000 007e7410 1005d86f 11950350 .....t~.o...P...
0x007e7348: 00000000 00000004 007e7370 012c20e0 ........ps~.. ,.
0x007e7358: 11950350 00000000 007e7410 007e74a4 P........t~..t~.
0x007e7368: 007e74a4 007e73b0 007e739c 012bec42 .t~..s~..s~.B.+.
0x007e7378: 007e73a8 11950350 0553d500 00000000 .s~.P.....S.....
0x007e7388: 007e73b0 007e74a4 00000000 007ef614 .s~..t~.......~.
0x007e7398: 04e1dae0 007e74a8 00efd056 007e74a0 .....t~.V....t~.
0x007e73a8: 00000000 00000000 007e73dc 00ff2f46 .........s~.F/..
0x007e73b8: 00000000 04c76920 00ff2f46 04c7703c .... i..F/..<p..
0x007e73c8: 04c7707c 04c770fc 007e748c 007e740c |p...p...t~..t~.
0x007e73d8: 04c76920 007e73f4 0104c481 04e1db84  i...s~.........
0x007e73e8: 007e748c 04c76920 00705738 007e74b4 .t~. i..8Wp..t~.
0x007e73f8: 00f7526c 00705734 007ef614 04e1dae0 lR..4Wp...~.....
0x007e7408: 00000004 3f800000 03c50de0 00000000 .......?........
0x007e7418: 00000000 00000000 00000000 00000000 ................
0x007e7428: 00000000 00000000 00000000 00000000 ................
0x007e7438: 00000000 00000000 00000005 00000000 ................
0x007e7448: 3f800000 04e1dae0 00000000 00000000 ...?............
0x007e7458: 00000000 03feede0 3fddb3d7 00000000 ...........?....
0x007e7468: 00000000 00000000 04624d00 04c76920 .........Mb. i..
0x007e7478: 00000004 007e74b4 0449ea90 00000004 .....t~...I.....
0x007e7488: 01dfc060 00000000 04e1db04 04e1dae0 `...............
0x007e7498: 0448e880 0449ea90 007e74b0 01452552 ..H...I..t~.R%E.
0x007e74a8: 007e74bc 01452102 0449ea90 04014d60 .t~..!E...I.`M..
0x007e74b8: 0449ea90 04e1dae0 01452552 0449ea90 ..I.....R%E...I.
0x007e74c8: 00000002 007e74e4 00f711e1 0449ea90 .....t~.......I.
0x007e74d8: 00000000 00000000 04e1dae0 00000004 ................
0x007e74e8: 00f107ed 03fecb10 007ef614 04e1dae0 ..........~.....
0x007e74f8: 04e1dae0 007ef5e0 00f1d331 007ef614 ......~.1.....~.
0x007e7508: 03ffbd90 03ffff80 04e1dae0 00000000 ................
0x007e7518: 00000001 00000000 00000000 00000001 ................
0x007e7528: 01bbde64 00000000 00000000 00000000 d...............
0x007e7538: 00000000 00000000 00000000 00000000 ................
0x007e7548: 00000000 00000000 00000000 00000000 ................
0x007e7558: 00000000 00000000 00000000 00000000 ................
0x007e7568: 00000000 00000000 00000000 00000000 ................
0x007e7578: 00000000 00000000 00000000 00000000 ................
0x007e7588: 00000000 00000000 00000000 00000000 ................
0x007e7598: 00000000 00000000 00000000 00000000 ................
0x007e75a8: 00000000 00000000 00000000 00000000 ................
0x007e75b8: 00000000 00000000 00000000 00000000 ................
0x007e75c8: 00000000 00000000 00000000 00000000 ................
0x007e75d8: 00000000 00000000 00000000 00000000 ................
0x007e75e8: 00000000 00000000 00000000 00000000 ................
0x007e75f8: 00000000 00000000 00000000 00000000 ................
0x007e7608: 00000000 00000000 00000000 00000000 ................
0x007e7618: 00000000 00000000 00000000 00000000 ................
0x007e7628: 00000000 00000000 00000000 00000000 ................
0x007e7638: 00000000 00000000 00000000 00000000 ................
0x007e7648: 00000000 00000000 00000000 00000000 ................
0x007e7658: 00000000 00000000 00000000 00000000 ................
0x007e7668: 00000000 00000000 00000000 00000000 ................
0x007e7678: 00000000 00000000 00000000 00000000 ................
0x007e7688: 00000000 00000000 00000000 00000000 ................
0x007e7698: 00000000 00000000 00000000 00000000 ................
0x007e76a8: 00000000 00000000 00000000 00000000 ................
0x007e76b8: 00000000 00000000 00000000 00000000 ................
0x007e76c8: 00000000 00000000 00000000 00000000 ................
0x007e76d8: 00000000 00000000 00000000 00000000 ................
0x007e76e8: 00000000 00000000 00000000 00000000 ................
0x007e76f8: 00000000 00000000 00000000 00000000 ................
0x007e7708: 00000000 00000000 00000000 00000000 ................
0x007e7718: 00000000 00000000 00000000 00000000 ................
0x007e7728: 00000000 00000000 00000000 00000000 ................
0x007e7738: 00000000 00000000 00000000 00000000 ................
0x007e7748: 00000000 00000000 00000000 00000000 ................
0x007e7758: 00000000 00000000 00000000 00000000 ................
0x007e7768: 00000000 00000000 00000000 00000000 ................
0x007e7778: 00000000 00000000 00000000 00000000 ................
0x007e7788: 00000000 00000000 00000000 00000000 ................
0x007e7798: 00000000 00000000 00000000 00000000 ................
0x007e77a8: 00000000 00000000 00000000 00000000 ................
0x007e77b8: 00000000 00000000 00000000 00000000 ................
0x007e77c8: 00000000 00000000 00000000 00000000 ................
0x007e77d8: 00000000 00000000 00000000 00000000 ................
0x007e77e8: 00000000 00000000 00000000 00000000 ................
0x007e77f8: 00000000 00000000 00000000 00000000 ................
0x007e7808: 00000000 00000000 00000000 00000000 ................
0x007e7818: 00000000 00000000 00000000 00000000 ................
0x007e7828: 00000000 00000000 00000000 00000000 ................
0x007e7838: 00000000 00000000 00000000 00000000 ................
0x007e7848: 00000000 00000000 00000000 00000000 ................
0x007e7858: 00000000 00000000 00000000 00000000 ................
0x007e7868: 00000000 00000000 00000000 00000000 ................
0x007e7878: 00000000 00000000 00000000 00000000 ................
0x007e7888: 00000000 00000000 00000000 00000000 ................
0x007e7898: 00000000 00000000 00000000 00000000 ................
0x007e78a8: 00000000 00000000 00000000 00000000 ................
0x007e78b8: 00000000 00000000 00000000 00000000 ................
0x007e78c8: 00000000 00000000 00000000 00000000 ................
0x007e78d8: 00000000 00000000 00000000 00000000 ................
0x007e78e8: 00000000 00000000 00000000 00000000 ................
0x007e78f8: 00000000 00000000 00000000 00000000 ................
0x007e7908: 00000000 00000000 00000000 00000000 ................
0x007e7918: 00000000 00000000 00000000 00000000 ................
0x007e7928: 00000000 00000000 00000000 00000000 ................
0x007e7938: 00000000 00000000 00000000 00000000 ................
0x007e7948: 00000000 00000000 00000000 00000000 ................
0x007e7958: 00000000 00000000 00000000 00000000 ................
0x007e7968: 00000000 00000000 00000000 00000000 ................
0x007e7978: 00000000 00000000 00000000 00000000 ................
0x007e7988: 00000000 00000000 00000000 00000000 ................
0x007e7998: 00000000 00000000 00000000 00000000 ................
0x007e79a8: 00000000 00000000 00000000 00000000 ................
0x007e79b8: 00000000 00000000 00000000 00000000 ................
0x007e79c8: 00000000 00000000 00000000 00000000 ................
0x007e79d8: 00000000 00000000 00000000 00000000 ................
0x007e79e8: 00000000 00000000 00000000 00000000 ................
0x007e79f8: 00000000 00000000 00000000 00000000 ................
0x007e7a08: 00000000 00000000 00000000 00000000 ................
0x007e7a18: 00000000 00000000 00000000 00000000 ................
0x007e7a28: 00000000 00000000 00000000 00000000 ................
0x007e7a38: 00000000 00000000 00000000 00000000 ................
0x007e7a48: 00000000 00000000 00000000 00000000 ................
0x007e7a58: 00000000 00000000 00000000 00000000 ................
0x007e7a68: 00000000 00000000 00000000 00000000 ................
0x007e7a78: 00000000 00000000 00000000 00000000 ................
0x007e7a88: 00000000 00000000 00000000 00000000 ................
0x007e7a98: 00000000 00000000 00000000 00000000 ................
0x007e7aa8: 00000000 00000000 00000000 00000000 ................
0x007e7ab8: 00000000 00000000 00000000 00000000 ................
0x007e7ac8: 00000000 00000000 00000000 00000000 ................
0x007e7ad8: 00000000 00000000 00000000 00000000 ................
0x007e7ae8: 00000000 00000000 00000000 00000000 ................
0x007e7af8: 00000000 00000000 00000000 00000000 ................
0x007e7b08: 00000000 00000000 00000000 00000000 ................
0x007e7b18: 00000000 00000000 00000000 00000000 ................
0x007e7b28: 00000000 00000000 00000000 00000000 ................
0x007e7b38: 00000000 00000000 00000000 00000000 ................
0x007e7b48: 00000000 00000000 00000000 00000000 ................
0x007e7b58: 00000000 00000000 00000000 00000000 ................
0x007e7b68: 00000000 00000000 00000000 00000000 ................
0x007e7b78: 00000000 00000000 00000000 00000000 ................
0x007e7b88: 00000000 00000000 00000000 00000000 ................
0x007e7b98: 00000000 00000000 00000000 00000000 ................
0x007e7ba8: 00000000 00000000 00000000 00000000 ................
0x007e7bb8: 00000000 00000000 00000000 00000000 ................
0x007e7bc8: 00000000 00000000 00000000 00000000 ................
0x007e7bd8: 00000000 00000000 00000000 00000000 ................
0x007e7be8: 00000000 00000000 00000000 00000000 ................
0x007e7bf8: 00000000 00000000 00000000 00000000 ................
0x007e7c08: 00000000 00000000 00000000 00000000 ................
0x007e7c18: 00000000 00000000 00000000 00000000 ................
0x007e7c28: 00000000 00000000 00000000 00000000 ................
0x007e7c38: 00000000 00000000 00000000 00000000 ................
0x007e7c48: 00000000 00000000 00000000 00000000 ................
0x007e7c58: 00000000 00000000 00000000 00000000 ................
0x007e7c68: 00000000 00000000 00000000 00000000 ................
0x007e7c78: 00000000 00000000 00000000 00000000 ................
0x007e7c88: 00000000 00000000 00000000 00000000 ................
0x007e7c98: 00000000 00000000 00000000 00000000 ................
0x007e7ca8: 00000000 00000000 003cf396 007e7fc8 ..........<...~.
0x007e7cb8: 00000057 007e7d76 00000000 00000000 W...v}~.........
0x007e7cc8: 007e7cb0 f5c1c47e 007e81e8 772c67b0 .|~.~.....~..g,w
0x007e7cd8: 003cf27e 007e7ff0 00000057 007e7d9e ~.<...~.W....}~.
0x007e7ce8: 00000000 00000000 007e7cd8 f8651db5 .........|~...e.
0x007e7cf8: 007e8210 772c67b0 77760dee fffffffe ..~..g,w..vw....
0x007e7d08: 007e7f98 77293db5 00000000 007e7d60 ..~..=)w....`}~.
0x007e7d18: 007e7fdc 00b8c2f0 77293dca 007e7ff0 ..~......=)w..~.
0x007e7d28: 01000014 00000000 00000000 007e80f8 ..............~.
0x007e7d38: 01000000 00000280 007e7ff0 00000016 ..........~.....
0x007e7d48: 00698560 0000001d 00000014 00000014 `.i.............
0x007e7d58: 006e0069 006f0064 00000000 00160014 i.n.d.o.........

Module 1
C:\Windows\SYSTEM32\xinput1_3.dll
Image Base: 0x00400000  Image Size: 0x00016000
File Size:  81768       File Time:  2007-04-04_185342
Version:
   Company:    Microsoft Corporation
   Product:    MicrosoftR DirectX for WindowsR
   FileDesc:   Microsoft Common Controller API
   FileVer:    9.18.944.0
   ProdVer:    9.18.944.0

Module 2
C:\Windows\SYSTEM32\WINMMBASE.dll
Image Base: 0x00b10000  Image Size: 0x00023000
File Size:  131208      File Time:  2016-07-16_204250
Version:
   Company:    Microsoft Corporation
   Product:    MicrosoftR WindowsR Operating System
   FileDesc:   Base Multimedia Extension API DLL
   FileVer:    10.0.14393.0
   ProdVer:    10.0.14393.0

Module 3
C:\Users\admin\Desktop\UnityProject\VRPortal\VRPortal.exe
Image Base: 0x00d70000  Image Size: 0x01219000
File Size:  18136576    File Time:  2017-03-30_162054
Version:
   Company:    
   Product:    
   FileDesc:   
   FileVer:    5.6.0.31247
   ProdVer:    5.6.0.31247

Module 4
C:\Windows\system32\nvspcap.dll
Image Base: 0x07b70000  Image Size: 0x00151000
File Size:  1377752     File Time:  2016-10-19_073958
Version:
   Company:    NVIDIA Corporation
   Product:    NVIDIA GeForce Experience
   FileDesc:   NVIDIA Capture Server Proxy
   FileVer:    2.11.4.125
   ProdVer:    2.11.4.125

Module 5
C:\Windows\system32\nvapi.dll
Image Base: 0x08250000  Image Size: 0x00385000
File Size:  3465312     File Time:  2016-10-22_202530
Version:
   Company:    NVIDIA Corporation
   Product:    NVIDIA Windows drivers
   FileDesc:   NVIDIA NVAPI Library, Version 375.63 
   FileVer:    21.21.13.7563
   ProdVer:    21.21.13.7563

Module 6
C:\Windows\System32\DriverStore\FileRepository\nvdd.inf_amd64_819b2bc4f7e2ca65\nvwgf2um.dll
Image Base: 0x085e0000  Image Size: 0x013b1000
File Size:  20704504    File Time:  2016-10-22_202530
Version:
   Company:    NVIDIA Corporation
   Product:    NVIDIA D3D10 drivers
   FileDesc:   NVIDIA D3D10 Driver, Version 375.63 
   FileVer:    21.21.13.7563
   ProdVer:    21.21.13.7563

Module 7
C:\Program Files\Oculus\Support\oculus-runtime\LibOVRRT32_1.dll
Image Base: 0x0f4e0000  Image Size: 0x00178000
File Size:  1342416     File Time:  2017-04-24_143512
Version:
   Company:    Oculus VR
   Product:    LibOVRRT
   FileDesc:   378771-public TCID:1978281
   FileVer:    1.14.0.0
   ProdVer:    1.14.0.0

Module 8
C:\Users\admin\Desktop\UnityProject\VRPortal\VRPortal_Data\Plugins\OVRPlugin.dll
Image Base: 0x0f9c0000  Image Size: 0x00233000
File Size:  1960360     File Time:  2017-03-30_143152
Version:
   Company:    Oculus VR
   Product:    OVRPlugin
   FileDesc:   Oculus VR Plugin TCID:1837148
   FileVer:    1.12.0.0
   ProdVer:    1.12.0.0

Module 9
C:\Windows\System32\perfos.dll
Image Base: 0x0fe00000  Image Size: 0x0000c000
File Size:  36352       File Time:  2016-07-16_204304
Version:
   Company:    Microsoft Corporation
   Product:    MicrosoftR WindowsR Operating System
   FileDesc:   Windows システム パフォーマンス オブジェクト DLL
   FileVer:    10.0.14393.0
   ProdVer:    10.0.14393.0

Module 10
C:\Users\admin\Desktop\UnityProject\VRPortal\VRPortal_Data\Mono\mono.dll
Image Base: 0x10000000  Image Size: 0x00231000
File Size:  2115008     File Time:  2017-03-30_162856
Version:
   Company:    Unity Technologies
   Product:    libmono
   FileDesc:   Unity Technologies fork of mono runtime
   FileVer:    1.0.0.1
   ProdVer:    1.0.0.1

Module 11
C:\Windows\SYSTEM32\GLU32.dll
Image Base: 0x4ff20000  Image Size: 0x00025000
File Size:  141312      File Time:  2016-07-16_204306
Version:
   Company:    Microsoft Corporation
   Product:    MicrosoftR WindowsR Operating System
   FileDesc:   OpenGL ユーティリティ ライブラリ DLL
   FileVer:    10.0.14393.0
   ProdVer:    10.0.14393.0

Module 12
C:\Windows\SYSTEM32\DCIMAN32.dll
Image Base: 0x50260000  Image Size: 0x00007000
File Size:  11776       File Time:  2016-07-16_204250
Version:
   Company:    Microsoft Corporation
   Product:    MicrosoftR WindowsR Operating System
   FileDesc:   DCI Manager
   FileVer:    10.0.14393.0
   ProdVer:    10.0.14393.0

Module 13
C:\Windows\SYSTEM32\DDRAW.dll
Image Base: 0x50500000  Image Size: 0x000ed000
File Size:  548352      File Time:  2017-03-04_151812
Version:
   Company:    Microsoft Corporation
   Product:    MicrosoftR WindowsR Operating System
   FileDesc:   Microsoft DirectDraw
   FileVer:    10.0.14393.953
   ProdVer:    10.0.14393.953

Module 14
C:\Windows\SYSTEM32\ksuser.dll
Image Base: 0x5ea50000  Image Size: 0x00007000
File Size:  20672       File Time:  2016-07-16_204250
Version:
   Company:    Microsoft Corporation
   Product:    MicrosoftR WindowsR Operating System
   FileDesc:   User CSA Library
   FileVer:    10.0.14393.0
   ProdVer:    10.0.14393.0

Module 15
C:\Windows\System32\IME\SHARED\imesearchdll.dll
Image Base: 0x5f200000  Image Size: 0x0001a000
File Size:  97280       File Time:  2017-01-25_082154
Version:
   Company:    Microsoft Corporation
   Product:    MicrosoftR WindowsR Operating System
   FileDesc:   IME search module
   FileVer:    10.0.14393.447
   ProdVer:    10.0.14393.447

Module 16
C:\Windows\System32\IME\shared\imecfm.dll
Image Base: 0x5f220000  Image Size: 0x00029000
File Size:  147968      File Time:  2017-01-25_082154
Version:
   Company:    Microsoft Corporation
   Product:    MicrosoftR WindowsR Operating System
   FileDesc:   Microsoft IME
   FileVer:    10.0.14393.447
   ProdVer:    10.0.14393.447

Module 17
C:\Windows\SYSTEM32\DUI70.dll
Image Base: 0x5f250000  Image Size: 0x00168000
File Size:  1453568     File Time:  2016-07-16_204306
Version:
   Company:    Microsoft Corporation
   Product:    MicrosoftR WindowsR Operating System
   FileDesc:   Windows DirectUI エンジン
   FileVer:    10.0.14393.0
   ProdVer:    10.0.14393.0

Module 18
C:\Windows\System32\IME\shared\imetip.dll
Image Base: 0x5f3c0000  Image Size: 0x00114000
File Size:  1114112     File Time:  2017-03-04_150058
Version:
   Company:    Microsoft Corporation
   Product:    MicrosoftR WindowsR Operating System
   FileDesc:   Microsoft IME
   FileVer:    10.0.14393.953
   ProdVer:    10.0.14393.953

Module 19
C:\Windows\System32\IME\IMEJP\imjppred.dll
Image Base: 0x5f4e0000  Image Size: 0x000ad000
File Size:  690688      File Time:  2017-03-04_151240
Version:
   Company:    Microsoft Corporation
   Product:    MicrosoftR WindowsR Operating System
   FileDesc:   Microsoft IME
   FileVer:    10.0.14393.953
   ProdVer:    10.0.14393.953

Module 20
C:\Windows\SYSTEM32\policymanager.dll
Image Base: 0x5f590000  Image Size: 0x0003f000
File Size:  248992      File Time:  2017-03-04_155604
Version:
   Company:    Microsoft Corporation
   Product:    MicrosoftR WindowsR Operating System
   FileDesc:   Policy Manager DLL
   FileVer:    10.0.14393.953
   ProdVer:    10.0.14393.953

Module 21
C:\Windows\System32\IME\shared\imjkapi.dll
Image Base: 0x5f5d0000  Image Size: 0x0002f000
File Size:  178688      File Time:  2017-01-25_082154
Version:
   Company:    Microsoft Corporation
   Product:    MicrosoftR WindowsR Operating System
   FileDesc:   Microsoft IME
   FileVer:    10.0.14393.447
   ProdVer:    10.0.14393.447

Module 22
C:\Windows\System32\IME\IMEJP\imjpapi.dll
Image Base: 0x5f600000  Image Size: 0x001c5000
File Size:  1753088     File Time:  2017-01-25_082212
Version:
   Company:    Microsoft Corporation
   Product:    MicrosoftR WindowsR Operating System
   FileDesc:   Microsoft IME
   FileVer:    10.0.14393.447
   ProdVer:    10.0.14393.447

Module 23
C:\Windows\System32\IME\IMEJP\imjptip.dll
Image Base: 0x5f7d0000  Image Size: 0x00297000
File Size:  2641408     File Time:  2017-03-04_150042
Version:
   Company:    Microsoft Corporation
   Product:    MicrosoftR WindowsR Operating System
   FileDesc:   Microsoft IME
   FileVer:    10.0.14393.953
   ProdVer:    10.0.14393.953

Module 24
C:\Windows\SYSTEM32\msvcp110_win.dll
Image Base: 0x60bb0000  Image Size: 0x00067000
File Size:  415256      File Time:  2016-07-16_204256
Version:
   Company:    Microsoft Corporation
   Product:    MicrosoftR WindowsR Operating System
   FileDesc:   MicrosoftR STL110 C++ Runtime Library
   FileVer:    10.0.14393.0
   ProdVer:    10.0.14393.0

Module 25
C:\Windows\System32\MMDevApi.dll
Image Base: 0x60cc0000  Image Size: 0x00058000
File Size:  352760      File Time:  2017-03-04_154734
Version:
   Company:    Microsoft Corporation
   Product:    MicrosoftR WindowsR Operating System
   FileDesc:   MMDevice API
   FileVer:    10.0.14393.953
   ProdVer:    10.0.14393.953

Module 26
C:\Windows\SYSTEM32\wintypes.dll
Image Base: 0x60d20000  Image Size: 0x000cf000
File Size:  846560      File Time:  2017-03-28_150202
Version:
   Company:    Microsoft Corporation
   Product:    MicrosoftR WindowsR Operating System
   FileDesc:   Windows ベース タイプ DLL
   FileVer:    10.0.14393.1066
   ProdVer:    10.0.14393.1066

Module 27
C:\Windows\SYSTEM32\AUDIOSES.DLL
Image Base: 0x60df0000  Image Size: 0x0007b000
File Size:  484584      File Time:  2017-03-28_161036
Version:
   Company:    Microsoft Corporation
   Product:    MicrosoftR WindowsR Operating System
   FileDesc:   オーディオ セッション
   FileVer:    10.0.14393.1066
   ProdVer:    10.0.14393.1066

Module 28
C:\Windows\SYSTEM32\OLEACC.dll
Image Base: 0x61070000  Image Size: 0x00054000
File Size:  325120      File Time:  2017-03-28_143216
Version:
   Company:    Microsoft Corporation
   Product:    MicrosoftR WindowsR Operating System
   FileDesc:   Active Accessibility Core Component
   FileVer:    7.2.14393.1066
   ProdVer:    10.0.14393.1066

Module 29
C:\Windows\SYSTEM32\gpapi.dll
Image Base: 0x617b0000  Image Size: 0x0001f000
File Size:  112120      File Time:  2017-03-04_154508
Version:
   Company:    Microsoft Corporation
   Product:    MicrosoftR WindowsR Operating System
   FileDesc:   グループ ポリシー クライアント API
   FileVer:    10.0.14393.953
   ProdVer:    10.0.14393.953

Module 30
C:\Windows\SYSTEM32\wdmaud.drv
Image Base: 0x63d60000  Image Size: 0x00039000
File Size:  207360      File Time:  2016-07-16_204250
Version:
   Company:    Microsoft Corporation
   Product:    MicrosoftR WindowsR Operating System
   FileDesc:   Winmm オーディオ システム ドライバー
   FileVer:    10.0.14393.0
   ProdVer:    10.0.14393.0

Module 31
C:\Windows\SYSTEM32\MSACM32.dll
Image Base: 0x65de0000  Image Size: 0x00018000
File Size:  90912       File Time:  2016-07-16_204250
Version:
   Company:    Microsoft Corporation
   Product:    MicrosoftR WindowsR Operating System
   FileDesc:   Microsoft ACM オーディオ フィルター
   FileVer:    10.0.14393.0
   ProdVer:    10.0.14393.0

Module 32
C:\Windows\SYSTEM32\d3d11.dll
Image Base: 0x660c0000  Image Size: 0x00230000
File Size:  2277288     File Time:  2017-03-04_155414
Version:
   Company:    Microsoft Corporation
   Product:    MicrosoftR WindowsR Operating System
   FileDesc:   Direct3D 11 Runtime
   FileVer:    10.0.14393.953
   ProdVer:    10.0.14393.953

Module 33
C:\Windows\SYSTEM32\dxgi.dll
Image Base: 0x66940000  Image Size: 0x00083000
File Size:  524776      File Time:  2017-03-04_155404
Version:
   Company:    Microsoft Corporation
   Product:    MicrosoftR WindowsR Operating System
   FileDesc:   DirectX Graphics Infrastructure
   FileVer:    10.0.14393.953
   ProdVer:    10.0.14393.953

Module 34
C:\Windows\SYSTEM32\HID.DLL
Image Base: 0x66bc0000  Image Size: 0x0000a000
File Size:  25600       File Time:  2016-07-16_204250
Version:
   Company:    Microsoft Corporation
   Product:    MicrosoftR WindowsR Operating System
   FileDesc:   HID ユーザー ライブラリ
   FileVer:    10.0.14393.0
   ProdVer:    10.0.14393.0

Module 35
C:\Windows\system32\wbem\fastprox.dll
Image Base: 0x66d70000  Image Size: 0x000c2000
File Size:  779776      File Time:  2016-07-16_204258
Version:
   Company:    Microsoft Corporation
   Product:    MicrosoftR WindowsR Operating System
   FileDesc:   WMI Custom Marshaller
   FileVer:    10.0.14393.0
   ProdVer:    10.0.14393.0

Module 36
C:\Windows\system32\wbem\wbemsvc.dll
Image Base: 0x66e40000  Image Size: 0x00010000
File Size:  48640       File Time:  2016-07-16_204258
Version:
   Company:    Microsoft Corporation
   Product:    MicrosoftR WindowsR Operating System
   FileDesc:   WMI
   FileVer:    10.0.14393.0
   ProdVer:    10.0.14393.0

Module 37
C:\Windows\system32\wbem\wbemprox.dll
Image Base: 0x66e70000  Image Size: 0x0000d000
File Size:  35328       File Time:  2016-07-16_204258
Version:
   Company:    Microsoft Corporation
   Product:    MicrosoftR WindowsR Operating System
   FileDesc:   WMI
   FileVer:    10.0.14393.0
   ProdVer:    10.0.14393.0

Module 38
C:\Windows\SYSTEM32\wbemcomn.dll
Image Base: 0x66e80000  Image Size: 0x00067000
File Size:  391168      File Time:  2016-07-16_204258
Version:
   Company:    Microsoft Corporation
   Product:    MicrosoftR WindowsR Operating System
   FileDesc:   WMI
   FileVer:    10.0.14393.0
   ProdVer:    10.0.14393.0

Module 39
C:\Windows\SYSTEM32\OPENGL32.dll
Image Base: 0x68fb0000  Image Size: 0x000e0000
File Size:  786944      File Time:  2016-07-16_204306
Version:
   Company:    Microsoft Corporation
   Product:    MicrosoftR WindowsR Operating System
   FileDesc:   OpenGL Client DLL
   FileVer:    10.0.14393.0
   ProdVer:    10.0.14393.0

Module 40
C:\Windows\SYSTEM32\midimap.dll
Image Base: 0x6a8a0000  Image Size: 0x00008000
File Size:  18944       File Time:  2016-07-16_204250
Version:
   Company:    Microsoft Corporation
   Product:    MicrosoftR WindowsR Operating System
   FileDesc:   Microsoft MIDI Mapper
   FileVer:    10.0.14393.0
   ProdVer:    10.0.14393.0

Module 41
C:\Windows\SYSTEM32\msacm32.drv
Image Base: 0x6ad60000  Image Size: 0x0000a000
File Size:  24576       File Time:  2016-07-16_204250
Version:
   Company:    Microsoft Corporation
   Product:    MicrosoftR WindowsR Operating System
   FileDesc:   Microsoft サウンド マッパー
   FileVer:    10.0.14393.0
   ProdVer:    10.0.14393.0

Module 42
C:\Windows\SYSTEM32\WTSAPI32.dll
Image Base: 0x6c6a0000  Image Size: 0x0000f000
File Size:  53216       File Time:  2016-07-16_204306
Version:
   Company:    Microsoft Corporation
   Product:    MicrosoftR WindowsR Operating System
   FileDesc:   Windows Remote Desktop Session Host Server SDK APIs
   FileVer:    10.0.14393.0
   ProdVer:    10.0.14393.0

Module 43
C:\Windows\System32\fwpuclnt.dll
Image Base: 0x6d400000  Image Size: 0x00049000
File Size:  279040      File Time:  2016-07-16_204256
Version:
   Company:    Microsoft Corporation
   Product:    MicrosoftR WindowsR Operating System
   FileDesc:   FWP/IPsec ユーザー モード API
   FileVer:    10.0.14393.0
   ProdVer:    10.0.14393.0

Module 44
C:\Windows\System32\rasadhlp.dll
Image Base: 0x6d450000  Image Size: 0x00008000
File Size:  13312       File Time:  2016-07-16_204302
Version:
   Company:    Microsoft Corporation
   Product:    MicrosoftR WindowsR Operating System
   FileDesc:   Remote Access AutoDial Helper
   FileVer:    10.0.14393.0
   ProdVer:    10.0.14393.0

Module 45
C:\Windows\SYSTEM32\dhcpcsvc.DLL
Image Base: 0x6d4f0000  Image Size: 0x00014000
File Size:  63488       File Time:  2016-07-16_204256
Version:
   Company:    Microsoft Corporation
   Product:    MicrosoftR WindowsR Operating System
   FileDesc:   DHCP クライアント サービス
   FileVer:    10.0.14393.0
   ProdVer:    10.0.14393.0

Module 46
C:\Windows\SYSTEM32\dhcpcsvc6.DLL
Image Base: 0x6d510000  Image Size: 0x00013000
File Size:  57344       File Time:  2016-07-16_204256
Version:
   Company:    Microsoft Corporation
   Product:    MicrosoftR WindowsR Operating System
   FileDesc:   DHCPv6 クライアント
   FileVer:    10.0.14393.0
   ProdVer:    10.0.14393.0

Module 47
C:\Windows\SYSTEM32\DNSAPI.dll
Image Base: 0x6d890000  Image Size: 0x0007d000
File Size:  497416      File Time:  2017-03-04_160934
Version:
   Company:    Microsoft Corporation
   Product:    MicrosoftR WindowsR Operating System
   FileDesc:   DNS クライアント API DLL
   FileVer:    10.0.14393.953
   ProdVer:    10.0.14393.953

Module 48
C:\Windows\SYSTEM32\NTASN1.dll
Image Base: 0x6edc0000  Image Size: 0x0002b000
File Size:  173008      File Time:  2016-07-16_204256
Version:
   Company:    Microsoft Corporation
   Product:    MicrosoftR WindowsR Operating System
   FileDesc:   Microsoft ASN.1 API
   FileVer:    10.0.14393.0
   ProdVer:    10.0.14393.0

Module 49
C:\Windows\SYSTEM32\ncrypt.dll
Image Base: 0x6edf0000  Image Size: 0x00020000
File Size:  120384      File Time:  2016-07-16_204256
Version:
   Company:    Microsoft Corporation
   Product:    MicrosoftR WindowsR Operating System
   FileDesc:   Windows NCrypt ルーター
   FileVer:    10.0.14393.0
   ProdVer:    10.0.14393.0

Module 50
C:\Windows\SYSTEM32\iertutil.dll
Image Base: 0x6ee10000  Image Size: 0x0022a000
File Size:  2262776     File Time:  2017-03-28_150428
Version:
   Company:    Microsoft Corporation
   Product:    Internet Explorer
   FileDesc:   Internet Explorer 用ランタイム ユーティリティ
   FileVer:    11.0.14393.1066
   ProdVer:    11.0.14393.1066

Module 51
C:\Windows\SYSTEM32\pdh.dll
Image Base: 0x6f040000  Image Size: 0x00044000
File Size:  262656      File Time:  2017-01-25_082154
Version:
   Company:    Microsoft Corporation
   Product:    MicrosoftR WindowsR Operating System
   FileDesc:   Windows パフォーマンス データ ヘルパー DLL
   FileVer:    10.0.14393.206
   ProdVer:    10.0.14393.206

Module 52
C:\Windows\SYSTEM32\WINMM.dll
Image Base: 0x6f2e0000  Image Size: 0x00024000
File Size:  135376      File Time:  2016-07-16_204250
Version:
   Company:    Microsoft Corporation
   Product:    MicrosoftR WindowsR Operating System
   FileDesc:   MCI API DLL
   FileVer:    10.0.14393.0
   ProdVer:    10.0.14393.0

Module 53
C:\Windows\SYSTEM32\wer.dll
Image Base: 0x6f5e0000  Image Size: 0x0008f000
File Size:  576408      File Time:  2017-03-28_150256
Version:
   Company:    Microsoft Corporation
   Product:    MicrosoftR WindowsR Operating System
   FileDesc:   Windows エラー報告 DLL
   FileVer:    10.0.14393.1066
   ProdVer:    10.0.14393.1066

Module 54
C:\Windows\system32\uxtheme.dll
Image Base: 0x6f890000  Image Size: 0x00075000
File Size:  457728      File Time:  2016-07-16_204306
Version:
   Company:    Microsoft Corporation
   Product:    MicrosoftR WindowsR Operating System
   FileDesc:   Microsoft UxTheme ライブラリ
   FileVer:    10.0.14393.0
   ProdVer:    10.0.14393.0

Module 55
C:\Windows\system32\dwmapi.dll
Image Base: 0x6fa80000  Image Size: 0x0001f000
File Size:  113504      File Time:  2017-01-25_082154
Version:
   Company:    Microsoft Corporation
   Product:    MicrosoftR WindowsR Operating System
   FileDesc:   Microsoft デスクトップ ウィンドウ マネージャー API
   FileVer:    10.0.14393.206
   ProdVer:    10.0.14393.206

Module 56
C:\Windows\System32\PROPSYS.dll
Image Base: 0x6faa0000  Image Size: 0x0014f000
File Size:  1375456     File Time:  2016-07-16_204256
Version:
   Company:    Microsoft Corporation
   Product:    WindowsR Search
   FileDesc:   Microsoft プロパティ システム
   FileVer:    7.0.14393.0
   ProdVer:    7.0.14393.0

Module 57
C:\Windows\SYSTEM32\DbgHelp.dll
Image Base: 0x706d0000  Image Size: 0x00145000
File Size:  1220608     File Time:  2016-07-16_204258
Version:
   Company:    Microsoft
   Product:    MicrosoftR WindowsR Operating System
   FileDesc:   Windows Image Helper
   FileVer:    10.0.14321.1024
   ProdVer:    10.0.14321.1024

Module 58
C:\Windows\SYSTEM32\WININET.dll
Image Base: 0x70bb0000  Image Size: 0x00266000
File Size:  2483200     File Time:  2017-03-28_141046
Version:
   Company:    Microsoft Corporation
   Product:    Internet Explorer
   FileDesc:   Win32 用インターネット拡張
   FileVer:    11.0.14393.1066
   ProdVer:    11.0.14393.1066

Module 59
C:\Windows\System32\SHELL32.dll
Image Base: 0x733b0000  Image Size: 0x013d8000
File Size:  20967840    File Time:  2017-03-28_145852
Version:
   Company:    Microsoft Corporation
   Product:    MicrosoftR WindowsR Operating System
   FileDesc:   Windows シェル共通 DLL
   FileVer:    10.0.14393.1066
   ProdVer:    10.0.14393.1066

Module 60
C:\Windows\SYSTEM32\DEVOBJ.dll
Image Base: 0x74a50000  Image Size: 0x00022000
File Size:  132232      File Time:  2016-07-16_204256
Version:
   Company:    Microsoft Corporation
   Product:    MicrosoftR WindowsR Operating System
   FileDesc:   Device Information Set DLL
   FileVer:    10.0.14393.0
   ProdVer:    10.0.14393.0

Module 61
C:\Windows\SYSTEM32\bcrypt.dll
Image Base: 0x74c30000  Image Size: 0x0001b000
File Size:  106896      File Time:  2016-12-09_190100
Version:
   Company:    Microsoft Corporation
   Product:    MicrosoftR WindowsR Operating System
   FileDesc:   Windows 暗号化プリミティブ ライブラリ
   FileVer:    10.0.14393.576
   ProdVer:    10.0.14393.576

Module 62
C:\Windows\system32\rsaenh.dll
Image Base: 0x74c50000  Image Size: 0x0002f000
File Size:  184416      File Time:  2016-07-16_204256
Version:
   Company:    Microsoft Corporation
   Product:    MicrosoftR WindowsR Operating System
   FileDesc:   Microsoft Enhanced Cryptographic Provider
   FileVer:    10.0.14393.0
   ProdVer:    10.0.14393.0

Module 63
C:\Windows\SYSTEM32\CRYPTSP.dll
Image Base: 0x74c80000  Image Size: 0x00013000
File Size:  68720       File Time:  2016-07-16_204256
Version:
   Company:    Microsoft Corporation
   Product:    MicrosoftR WindowsR Operating System
   FileDesc:   Cryptographic Service Provider API
   FileVer:    10.0.14393.0
   ProdVer:    10.0.14393.0

Module 64
C:\Windows\SYSTEM32\ntmarta.dll
Image Base: 0x74ca0000  Image Size: 0x00028000
File Size:  154432      File Time:  2016-07-16_204256
Version:
   Company:    Microsoft Corporation
   Product:    MicrosoftR WindowsR Operating System
   FileDesc:   Windows NT MARTA プロバイダー
   FileVer:    10.0.14393.0
   ProdVer:    10.0.14393.0

Module 65
C:\Windows\SYSTEM32\VERSION.dll
Image Base: 0x74de0000  Image Size: 0x00008000
File Size:  27360       File Time:  2016-07-16_204306
Version:
   Company:    Microsoft Corporation
   Product:    MicrosoftR WindowsR Operating System
   FileDesc:   Version Checking and File Installation Libraries
   FileVer:    10.0.14393.0
   ProdVer:    10.0.14393.0

Module 66
C:\Windows\SYSTEM32\MSWSOCK.dll
Image Base: 0x74df0000  Image Size: 0x0004e000
File Size:  306016      File Time:  2016-07-16_204256
Version:
   Company:    Microsoft Corporation
   Product:    MicrosoftR WindowsR Operating System
   FileDesc:   Microsoft Windows Sockets 2.0 サービス プロバイダー
   FileVer:    10.0.14393.0
   ProdVer:    10.0.14393.0

Module 67
C:\Windows\SYSTEM32\WINHTTP.dll
Image Base: 0x74ec0000  Image Size: 0x000a0000
File Size:  636928      File Time:  2017-03-04_151630
Version:
   Company:    Microsoft Corporation
   Product:    MicrosoftR WindowsR Operating System
   FileDesc:   Windows HTTP サービス
   FileVer:    10.0.14393.953
   ProdVer:    10.0.14393.953

Module 68
C:\Windows\SYSTEM32\IPHLPAPI.DLL
Image Base: 0x74f60000  Image Size: 0x0002f000
File Size:  184416      File Time:  2017-03-04_160254
Version:
   Company:    Microsoft Corporation
   Product:    MicrosoftR WindowsR Operating System
   FileDesc:   IP ヘルパー API
   FileVer:    10.0.14393.953
   ProdVer:    10.0.14393.953

Module 69
C:\Windows\System32\CRYPTBASE.dll
Image Base: 0x750e0000  Image Size: 0x0000a000
File Size:  31528       File Time:  2016-07-16_204250
Version:
   Company:    Microsoft Corporation
   Product:    MicrosoftR WindowsR Operating System
   FileDesc:   Base cryptographic API DLL
   FileVer:    10.0.14393.0
   ProdVer:    10.0.14393.0

Module 70
C:\Windows\System32\SspiCli.dll
Image Base: 0x750f0000  Image Size: 0x0001e000
File Size:  117240      File Time:  2016-12-09_185110
Version:
   Company:    Microsoft Corporation
   Product:    MicrosoftR WindowsR Operating System
   FileDesc:   Security Support Provider Interface
   FileVer:    10.0.14393.576
   ProdVer:    10.0.14393.576

Module 71
C:\Windows\System32\powrprof.dll
Image Base: 0x75110000  Image Size: 0x00045000
File Size:  275832      File Time:  2016-07-16_204256
Version:
   Company:    Microsoft Corporation
   Product:    MicrosoftR WindowsR Operating System
   FileDesc:   電源プロファイル ヘルパー DLL
   FileVer:    10.0.14393.0
   ProdVer:    10.0.14393.0

Module 72
C:\Windows\System32\IMM32.dll
Image Base: 0x75160000  Image Size: 0x00025000
File Size:  144632      File Time:  2016-07-16_204250
Version:
   Company:    Microsoft Corporation
   Product:    MicrosoftR WindowsR Operating System
   FileDesc:   Multi-User Windows IMM32 API Client DLL
   FileVer:    10.0.14393.0
   ProdVer:    10.0.14393.0

Module 73
C:\Windows\System32\SETUPAPI.dll
Image Base: 0x752a0000  Image Size: 0x0040b000
File Size:  4268368     File Time:  2016-07-16_204246
Version:
   Company:    Microsoft Corporation
   Product:    MicrosoftR WindowsR Operating System
   FileDesc:   Windows セットアップ API
   FileVer:    10.0.14393.0
   ProdVer:    10.0.14393.0

Module 74
C:\Windows\System32\CRYPT32.dll
Image Base: 0x756b0000  Image Size: 0x0017d000
File Size:  1556712     File Time:  2017-01-25_082154
Version:
   Company:    Microsoft Corporation
   Product:    MicrosoftR WindowsR Operating System
   FileDesc:   Crypto API32
   FileVer:    10.0.14393.351
   ProdVer:    10.0.14393.351

Module 75
C:\Windows\System32\MSCTF.dll
Image Base: 0x75830000  Image Size: 0x00135000
File Size:  1260784     File Time:  2017-03-04_154230
Version:
   Company:    Microsoft Corporation
   Product:    MicrosoftR WindowsR Operating System
   FileDesc:   MSCTF サーバー DLL
   FileVer:    10.0.14393.953
   ProdVer:    10.0.14393.953

Module 76
C:\Windows\System32\sechost.dll
Image Base: 0x75970000  Image Size: 0x00041000
File Size:  255168      File Time:  2016-07-16_204250
Version:
   Company:    Microsoft Corporation
   Product:    MicrosoftR WindowsR Operating System
   FileDesc:   Host for SCM/SDDL/LSA Lookup APIs
   FileVer:    10.0.14393.0
   ProdVer:    10.0.14393.0

Module 77
C:\Windows\System32\msvcp_win.dll
Image Base: 0x759c0000  Image Size: 0x0007b000
File Size:  498408      File Time:  2016-07-16_204256
Version:
   Company:    Microsoft Corporation
   Product:    MicrosoftR WindowsR Operating System
   FileDesc:   MicrosoftR C Runtime Library
   FileVer:    10.0.14393.0
   ProdVer:    10.0.14393.0

Module 78
C:\Windows\System32\shcore.dll
Image Base: 0x75a40000  Image Size: 0x00088000
File Size:  549088      File Time:  2017-03-04_155300
Version:
   Company:    Microsoft Corporation
   Product:    MicrosoftR WindowsR Operating System
   FileDesc:   SHCORE
   FileVer:    10.0.14393.953
   ProdVer:    10.0.14393.953

Module 79
C:\Windows\System32\windows.storage.dll
Image Base: 0x75b30000  Image Size: 0x0056e000
File Size:  5721808     File Time:  2017-03-28_150440
Version:
   Company:    Microsoft Corporation
   Product:    MicrosoftR WindowsR Operating System
   FileDesc:   Microsoft WinRT ストレージ API
   FileVer:    10.0.14393.1066
   ProdVer:    10.0.14393.1066

Module 80
C:\Windows\System32\msvcrt.dll
Image Base: 0x760a0000  Image Size: 0x000be000
File Size:  773168      File Time:  2016-07-16_204250
Version:
   Company:    Microsoft Corporation
   Product:    MicrosoftR WindowsR Operating System
   FileDesc:   Windows NT CRT DLL
   FileVer:    7.0.14393.0
   ProdVer:    10.0.14393.0

Module 81
C:\Windows\System32\win32u.dll
Image Base: 0x76160000  Image Size: 0x00015000
File Size:  79536       File Time:  2017-01-25_082154
Version:
   Company:    Microsoft Corporation
   Product:    MicrosoftR WindowsR Operating System
   FileDesc:   Win32u
   FileVer:    10.0.14393.51
   ProdVer:    10.0.14393.51

Module 82
C:\Windows\System32\GDI32.dll
Image Base: 0x76180000  Image Size: 0x0002b000
File Size:  170960      File Time:  2017-01-25_082158
Version:
   Company:    Microsoft Corporation
   Product:    MicrosoftR WindowsR Operating System
   FileDesc:   GDI Client DLL
   FileVer:    10.0.14393.206
   ProdVer:    10.0.14393.206

Module 83
C:\Windows\System32\SHLWAPI.dll
Image Base: 0x761b0000  Image Size: 0x00046000
File Size:  284056      File Time:  2016-07-16_204304
Version:
   Company:    Microsoft Corporation
   Product:    MicrosoftR WindowsR Operating System
   FileDesc:   シェル ライトウェイト ユーティリティ ライブラリ
   FileVer:    10.0.14393.0
   ProdVer:    10.0.14393.0

Module 84
C:\Windows\System32\combase.dll
Image Base: 0x76200000  Image Size: 0x00211000
File Size:  2166752     File Time:  2016-12-09_185926
Version:
   Company:    Microsoft Corporation
   Product:    MicrosoftR WindowsR Operating System
   FileDesc:   Windows 用 Microsoft COM
   FileVer:    10.0.14393.576
   ProdVer:    10.0.14393.576

Module 85
C:\Windows\System32\clbcatq.dll
Image Base: 0x76420000  Image Size: 0x00084000
File Size:  528360      File Time:  2016-07-16_204248
Version:
   Company:    Microsoft Corporation
   Product:    MicrosoftR WindowsR Operating System
   FileDesc:   COM+ Configuration Catalog
   FileVer:    2001.12.10941.16384
   ProdVer:    10.0.14393.0

Module 86
C:\Windows\System32\kernel.appcore.dll
Image Base: 0x764b0000  Image Size: 0x0000d000
File Size:  43416       File Time:  2016-07-16_204256
Version:
   Company:    Microsoft Corporation
   Product:    MicrosoftR WindowsR Operating System
   FileDesc:   AppModel API Host
   FileVer:    10.0.14393.0
   ProdVer:    10.0.14393.0

Module 87
C:\Windows\System32\gdi32full.dll
Image Base: 0x764c0000  Image Size: 0x0015b000
File Size:  1414728     File Time:  2017-03-28_145356
Version:
   Company:    Microsoft Corporation
   Product:    MicrosoftR WindowsR Operating System
   FileDesc:   GDI Client DLL
   FileVer:    10.0.14393.1066
   ProdVer:    10.0.14393.1066

Module 88
C:\Windows\System32\USER32.dll
Image Base: 0x76620000  Image Size: 0x0015f000
File Size:  1435896     File Time:  2016-12-09_185222
Version:
   Company:    Microsoft Corporation
   Product:    MicrosoftR WindowsR Operating System
   FileDesc:   マルチユーザー Windows ユーザー API クライアント DLL
   FileVer:    10.0.14393.576
   ProdVer:    10.0.14393.576

Module 89
C:\Windows\System32\OLEAUT32.dll
Image Base: 0x76780000  Image Size: 0x00094000
File Size:  601712      File Time:  2017-03-28_151928
Version:
   Company:    Microsoft Corporation
   Product:    MicrosoftR WindowsR Operating System
   FileDesc:   OLEAUT32.DLL
   FileVer:    10.0.14393.1066
   ProdVer:    10.0.14393.1066

Module 90
C:\Windows\System32\ucrtbase.dll
Image Base: 0x76820000  Image Size: 0x000e0000
File Size:  918304      File Time:  2016-07-16_204256
Version:
   Company:    Microsoft Corporation
   Product:    MicrosoftR WindowsR Operating System
   FileDesc:   MicrosoftR C Runtime Library
   FileVer:    10.0.14393.0
   ProdVer:    10.0.14393.0

Module 91
C:\Windows\System32\KERNEL32.DLL
Image Base: 0x76a70000  Image Size: 0x000e0000
File Size:  616048      File Time:  2016-07-16_204246
Version:
   Company:    Microsoft Corporation
   Product:    MicrosoftR WindowsR Operating System
   FileDesc:   Windows NT ベース API クライアント DLL
   FileVer:    10.0.14393.0
   ProdVer:    10.0.14393.0

Module 92
C:\Windows\System32\KERNELBASE.dll
Image Base: 0x76b50000  Image Size: 0x001a1000
File Size:  1705976     File Time:  2017-03-28_151808
Version:
   Company:    Microsoft Corporation
   Product:    MicrosoftR WindowsR Operating System
   FileDesc:   Windows NT ベース API クライアント DLL
   FileVer:    10.0.14393.1066
   ProdVer:    10.0.14393.1066

Module 93
C:\Windows\System32\ole32.dll
Image Base: 0x76d00000  Image Size: 0x000eb000
File Size:  961192      File Time:  2017-03-28_145828
Version:
   Company:    Microsoft Corporation
   Product:    MicrosoftR WindowsR Operating System
   FileDesc:   Windows 用 Microsoft OLE
   FileVer:    10.0.14393.1066
   ProdVer:    10.0.14393.1066

Module 94
C:\Windows\System32\cfgmgr32.dll
Image Base: 0x76df0000  Image Size: 0x00036000
File Size:  213848      File Time:  2016-07-16_204256
Version:
   Company:    Microsoft Corporation
   Product:    MicrosoftR WindowsR Operating System
   FileDesc:   Configuration Manager DLL
   FileVer:    10.0.14393.0
   ProdVer:    10.0.14393.0

Module 95
C:\Windows\System32\imagehlp.dll
Image Base: 0x76e30000  Image Size: 0x00019000
File Size:  93984       File Time:  2016-07-16_204228
Version:
   Company:    Microsoft Corporation
   Product:    MicrosoftR WindowsR Operating System
   FileDesc:   Windows NT Image Helper
   FileVer:    10.0.14393.0
   ProdVer:    10.0.14393.0

Module 96
C:\Windows\System32\PSAPI.DLL
Image Base: 0x76e50000  Image Size: 0x00006000
File Size:  17048       File Time:  2016-07-16_204246
Version:
   Company:    Microsoft Corporation
   Product:    MicrosoftR WindowsR Operating System
   FileDesc:   Process Status Helper
   FileVer:    10.0.14393.0
   ProdVer:    10.0.14393.0

Module 97
C:\Windows\System32\profapi.dll
Image Base: 0x76e60000  Image Size: 0x0000f000
File Size:  54752       File Time:  2016-07-16_204250
Version:
   Company:    Microsoft Corporation
   Product:    MicrosoftR WindowsR Operating System
   FileDesc:   User Profile Basic API
   FileVer:    10.0.14393.0
   ProdVer:    10.0.14393.0

Module 98
C:\Windows\System32\bcryptPrimitives.dll
Image Base: 0x76e70000  Image Size: 0x0005a000
File Size:  367208      File Time:  2016-07-16_204228
Version:
   Company:    Microsoft Corporation
   Product:    MicrosoftR WindowsR Operating System
   FileDesc:   Windows Cryptographic Primitives Library
   FileVer:    10.0.14393.0
   ProdVer:    10.0.14393.0

Module 99
C:\Windows\System32\NSI.dll
Image Base: 0x76f30000  Image Size: 0x00007000
File Size:  20152       File Time:  2016-07-16_204228
Version:
   Company:    Microsoft Corporation
   Product:    MicrosoftR WindowsR Operating System
   FileDesc:   NSI User-mode interface DLL
   FileVer:    10.0.14393.0
   ProdVer:    10.0.14393.0

Module 100
C:\Windows\System32\ADVAPI32.dll
Image Base: 0x76f40000  Image Size: 0x00077000
File Size:  482392      File Time:  2016-07-16_204250
Version:
   Company:    Microsoft Corporation
   Product:    MicrosoftR WindowsR Operating System
   FileDesc:   Advanced Windows 32 ベース API
   FileVer:    10.0.14393.0
   ProdVer:    10.0.14393.0

Module 101
C:\Windows\System32\RPCRT4.dll
Image Base: 0x76fc0000  Image Size: 0x000c1000
File Size:  790760      File Time:  2017-01-25_082212
Version:
   Company:    Microsoft Corporation
   Product:    MicrosoftR WindowsR Operating System
   FileDesc:   リモート プロシージャ コール ランタイム
   FileVer:    10.0.14393.82
   ProdVer:    10.0.14393.82

Module 102
C:\Windows\System32\wintrust.DLL
Image Base: 0x77090000  Image Size: 0x00044000
File Size:  272720      File Time:  2017-03-04_155204
Version:
   Company:    Microsoft Corporation
   Product:    MicrosoftR WindowsR Operating System
   FileDesc:   Microsoft Trust Verification APIs
   FileVer:    10.0.14393.953
   ProdVer:    10.0.14393.953

Module 103
C:\Windows\System32\WS2_32.dll
Image Base: 0x770e0000  Image Size: 0x00063000
File Size:  402352      File Time:  2017-01-25_082212
Version:
   Company:    Microsoft Corporation
   Product:    MicrosoftR WindowsR Operating System
   FileDesc:   Windows Socket 2.0 32 ビット DLL
   FileVer:    10.0.14393.206
   ProdVer:    10.0.14393.206

Module 104
C:\Windows\System32\MSASN1.dll
Image Base: 0x77240000  Image Size: 0x0000e000
File Size:  49080       File Time:  2016-07-16_204256
Version:
   Company:    Microsoft Corporation
   Product:    MicrosoftR WindowsR Operating System
   FileDesc:   ASN.1 Runtime APIs
   FileVer:    10.0.14393.0
   ProdVer:    10.0.14393.0

Module 105
C:\Windows\SYSTEM32\ntdll.dll
Image Base: 0x77250000  Image Size: 0x00183000
File Size:  1572768     File Time:  2016-11-11_170000
Version:
   Company:    Microsoft Corporation
   Product:    MicrosoftR WindowsR Operating System
   FileDesc:   NT レイヤー DLL
   FileVer:    10.0.14393.479
   ProdVer:    10.0.14393.479

Module 106
C:\Windows\SYSTEM32\AVRT.dll
Image Base: 0x784a0000  Image Size: 0x00009000
File Size:  29448       File Time:  2016-07-16_204250
Version:
   Company:    Microsoft Corporation
   Product:    MicrosoftR WindowsR Operating System
   FileDesc:   Multimedia Realtime Runtime
   FileVer:    10.0.14393.0
   ProdVer:    10.0.14393.0


== [end of error.log] ==
